ERC report (2026-07-14T19:56:57, Encoding UTF8)
Report includes: Errors, Warnings

***** Sheet /
[power_pin_not_driven]: Input Power pin not driven by any Output Power pins
    ; error
    @(76.20 mm, 81.28 mm): Symbol M1 Pin 21 [VCC, Power input, Line]
[power_pin_not_driven]: Input Power pin not driven by any Output Power pins
    ; error
    @(76.20 mm, 120.65 mm): Symbol M1 Pin 3 [GND, Power input, Line]
[pin_not_connected]: Pin not connected
    ; error
    @(82.55 mm, 49.53 mm): Symbol JP1 Pin 1 [A, Passive, Line]
[pin_not_connected]: Pin not connected
    ; error
    @(92.71 mm, 49.53 mm): Symbol JP1 Pin 2 [B, Passive, Line]
[pin_not_connected]: Pin not connected
    ; error
    @(105.41 mm, 48.26 mm): Symbol JP2 Pin 1 [A, Passive, Line]
[pin_not_connected]: Pin not connected
    ; error
    @(115.57 mm, 48.26 mm): Symbol JP2 Pin 2 [B, Passive, Line]
[pin_not_connected]: Pin not connected
    ; error
    @(127.00 mm, 49.53 mm): Symbol JP3 Pin 1 [A, Passive, Line]
[pin_not_connected]: Pin not connected
    ; error
    @(137.16 mm, 49.53 mm): Symbol JP3 Pin 2 [B, Passive, Line]
[pin_not_connected]: Pin not connected
    ; error
    @(151.13 mm, 49.53 mm): Symbol JP4 Pin 1 [A, Passive, Line]
[pin_not_connected]: Pin not connected
    ; error
    @(161.29 mm, 49.53 mm): Symbol JP4 Pin 2 [B, Passive, Line]
[footprint_link_issues]: The current configuration does not include the footprint library 'TP_AVR'
    ; warning
    @(76.20 mm, 99.06 mm): Symbol M1 [Arduino_ProMicro]

 ** ERC messages: 11  Errors 10  Warnings 1

 ** Ignored checks:
    - Global label only appears once in the schematic
    - Four connection points are joined together
    - SPICE model issue
    - Assigned footprint doesn't match footprint filters
